<?xml version="1.0" encoding="UTF-8"?>
<!-- Generated by org.testng.reporters.JUnitReportReporter -->
<testsuite skipped="0" hostname="Reshmika" name="OperationaAndWebElements.TextBox" tests="1" failures="0" timestamp="01 May 2019 07:27:48 GMT" time="21.927" errors="0">
  <testcase name="Text" time="21.927" classname="OperationaAndWebElements.TextBox"/>
</testsuite> <!-- OperationaAndWebElements.TextBox -->
