<?xml version="1.0" encoding="UTF-8"?>
<!-- Generated by org.testng.reporters.JUnitReportReporter -->
<testsuite skipped="0" hostname="Reshmika" name="OperationaAndWebElements.DropDownList" tests="1" failures="0" timestamp="01 May 2019 07:27:48 GMT" time="21.226" errors="0">
  <testcase name="DropDown" time="21.226" classname="OperationaAndWebElements.DropDownList"/>
</testsuite> <!-- OperationaAndWebElements.DropDownList -->
